<?xml version="1.0" encoding="UTF-8"?>
<!-- Generated by org.testng.reporters.JUnitXMLReporter -->
<testsuite ignored="0" hostname="DESKTOP-O0U4QRU" failures="0" tests="3" name="Test" time="20.783" errors="0" timestamp="2023-08-29T19:48:30 IST">
  <testcase classname="e_commers.Meesho" name="MeeshoTest" time="4.168"/>
  <testcase classname="e_commers.Amazon" name="AmezonTest" time="4.757"/>
  <testcase classname="e_commers.Flipcard" name="FlipcardTest" time="11.769"/>
</testsuite> <!-- Test -->
