<?xml version="1.0" encoding="UTF-8"?>
<!-- Generated by org.testng.reporters.JUnitXMLReporter -->
<testsuite ignored="0" hostname="DESKTOP-O0U4QRU" failures="0" tests="4" name="Test" time="36.982" errors="0" timestamp="2024-01-06T15:27:28 IST">
  <testcase classname="e_commers.Meesho" name="MeeshoTest" time="7.983"/>
  <testcase classname="e_commers.Amazon" name="AmezonTest" time="3.044"/>
  <testcase classname="e_commers.Flipcard" name="FlipcardTest" time="7.734"/>
  <testcase classname="e_commers.Myntra" name="Myntrap" time="18.14"/>
</testsuite> <!-- Test -->
