<?xml version="1.0" encoding="UTF-8"?>
<!-- Generated by org.testng.reporters.JUnitXMLReporter -->
<testsuite ignored="0" hostname="DESKTOP-O0U4QRU" failures="0" tests="3" name="Test" time="58.752" errors="0" timestamp="2023-12-08T20:07:38 IST">
  <testcase classname="e_commers.Meesho" name="MeeshoTest" time="6.182"/>
  <testcase classname="e_commers.Amazon" name="AmezonTest" time="37.842"/>
  <testcase classname="e_commers.Flipcard" name="FlipcardTest" time="14.659"/>
</testsuite> <!-- Test -->
