<?xml version="1.0" encoding="UTF-8"?>
<testng-results ignored="0" total="3" passed="3" failed="0" skipped="0">
  <reporter-output>
    <line>
      <![CDATA[Opening Meesho]]>
    </line>
    <line>
      <![CDATA[Opening Amazon]]>
    </line>
    <line>
      <![CDATA[Opening Flipcard]]>
    </line>
  </reporter-output>
  <suite started-at="2023-12-08T20:06:39 IST" name="Suite" finished-at="2023-12-08T20:07:38 IST" duration-ms="58752">
    <groups>
    </groups>
    <test started-at="2023-12-08T20:06:39 IST" name="Test" finished-at="2023-12-08T20:07:38 IST" duration-ms="58752">
      <class name="e_commers.Amazon">
        <test-method signature="AmezonTest()[pri:0, instance:e_commers.Amazon@2ef3eef9]" started-at="2023-12-08T20:06:45 IST" name="AmezonTest" finished-at="2023-12-08T20:07:23 IST" duration-ms="37842" status="PASS">
          <reporter-output>
            <line>
              <![CDATA[Opening Amazon]]>
            </line>
          </reporter-output>
        </test-method> <!-- AmezonTest -->
      </class> <!-- e_commers.Amazon -->
      <class name="e_commers.Meesho">
        <test-method signature="MeeshoTest()[pri:0, instance:e_commers.Meesho@647e447]" started-at="2023-12-08T20:06:39 IST" name="MeeshoTest" finished-at="2023-12-08T20:06:45 IST" duration-ms="6182" status="PASS">
          <reporter-output>
            <line>
              <![CDATA[Opening Meesho]]>
            </line>
          </reporter-output>
        </test-method> <!-- MeeshoTest -->
      </class> <!-- e_commers.Meesho -->
      <class name="e_commers.Flipcard">
        <test-method signature="FlipcardTest()[pri:0, instance:e_commers.Flipcard@243c4f91]" started-at="2023-12-08T20:07:23 IST" name="FlipcardTest" finished-at="2023-12-08T20:07:38 IST" duration-ms="14659" status="PASS">
          <reporter-output>
            <line>
              <![CDATA[Opening Flipcard]]>
            </line>
          </reporter-output>
        </test-method> <!-- FlipcardTest -->
      </class> <!-- e_commers.Flipcard -->
    </test> <!-- Test -->
  </suite> <!-- Suite -->
</testng-results>
