<?xml version="1.0" encoding="UTF-8"?>
<testng-results ignored="0" total="4" passed="4" failed="0" skipped="0">
  <reporter-output>
    <line>
      <![CDATA[Opening meesho]]>
    </line>
    <line>
      <![CDATA[Opening Amazon]]>
    </line>
    <line>
      <![CDATA[Opening Flipcard]]>
    </line>
    <line>
      <![CDATA[Opening Myntra]]>
    </line>
  </reporter-output>
  <suite started-at="2024-09-09T15:49:18 IST" name="e_commerce_testng.xml" finished-at="2024-09-09T15:49:32 IST" duration-ms="14348">
    <groups>
    </groups>
    <test started-at="2024-09-09T15:49:18 IST" name="Test" finished-at="2024-09-09T15:49:32 IST" duration-ms="14348">
      <class name="e_commers.Amazon">
        <test-method signature="AmezonTest()[pri:0, instance:e_commers.Amazon@42e99e4a]" started-at="2024-09-09T15:49:21 IST" name="AmezonTest" finished-at="2024-09-09T15:49:25 IST" duration-ms="3587" status="PASS">
          <reporter-output>
            <line>
              <![CDATA[Opening Amazon]]>
            </line>
          </reporter-output>
        </test-method> <!-- AmezonTest -->
      </class> <!-- e_commers.Amazon -->
      <class name="e_commers.Myntra">
        <test-method signature="Myntrap()[pri:0, instance:e_commers.Myntra@52e6fdee]" started-at="2024-09-09T15:49:28 IST" name="Myntrap" finished-at="2024-09-09T15:49:32 IST" duration-ms="4215" status="PASS">
          <reporter-output>
            <line>
              <![CDATA[Opening Myntra]]>
            </line>
          </reporter-output>
        </test-method> <!-- Myntrap -->
      </class> <!-- e_commers.Myntra -->
      <class name="e_commers.Meesho">
        <test-method signature="MeeshoTest()[pri:0, instance:e_commers.Meesho@795cd85e]" started-at="2024-09-09T15:49:18 IST" name="MeeshoTest" finished-at="2024-09-09T15:49:21 IST" duration-ms="3255" status="PASS">
          <reporter-output>
            <line>
              <![CDATA[Opening meesho]]>
            </line>
          </reporter-output>
        </test-method> <!-- MeeshoTest -->
      </class> <!-- e_commers.Meesho -->
      <class name="e_commers.Flipcard">
        <test-method signature="FlipcardTest()[pri:0, instance:e_commers.Flipcard@14dd9eb7]" started-at="2024-09-09T15:49:25 IST" name="FlipcardTest" finished-at="2024-09-09T15:49:28 IST" duration-ms="3265" status="PASS">
          <reporter-output>
            <line>
              <![CDATA[Opening Flipcard]]>
            </line>
          </reporter-output>
        </test-method> <!-- FlipcardTest -->
      </class> <!-- e_commers.Flipcard -->
    </test> <!-- Test -->
  </suite> <!-- e_commerce_testng.xml -->
</testng-results>
