<?xml version="1.0" encoding="UTF-8"?>
<testng-results ignored="0" total="4" passed="4" failed="0" skipped="0">
  <reporter-output>
    <line>
      <![CDATA[Opening meesho]]>
    </line>
    <line>
      <![CDATA[Opening Amazon]]>
    </line>
    <line>
      <![CDATA[Opening Flipcard]]>
    </line>
    <line>
      <![CDATA[Opening Myntra]]>
    </line>
  </reporter-output>
  <suite started-at="2025-01-15T18:36:51 IST" name="e_commerce_testng.xml" finished-at="2025-01-15T18:37:11 IST" duration-ms="20416">
    <groups>
    </groups>
    <test started-at="2025-01-15T18:36:51 IST" name="Test" finished-at="2025-01-15T18:37:11 IST" duration-ms="20416">
      <class name="e_commers.Amazon">
        <test-method signature="AmezonTest()[pri:0, instance:e_commers.Amazon@77888435]" started-at="2025-01-15T18:36:55 IST" name="AmezonTest" finished-at="2025-01-15T18:36:59 IST" duration-ms="3800" status="PASS">
          <reporter-output>
            <line>
              <![CDATA[Opening Amazon]]>
            </line>
          </reporter-output>
        </test-method> <!-- AmezonTest -->
      </class> <!-- e_commers.Amazon -->
      <class name="e_commers.Myntra">
        <test-method signature="Myntrap()[pri:0, instance:e_commers.Myntra@71d44a3]" started-at="2025-01-15T18:37:05 IST" name="Myntrap" finished-at="2025-01-15T18:37:11 IST" duration-ms="6428" status="PASS">
          <reporter-output>
            <line>
              <![CDATA[Opening Myntra]]>
            </line>
          </reporter-output>
        </test-method> <!-- Myntrap -->
      </class> <!-- e_commers.Myntra -->
      <class name="e_commers.Meesho">
        <test-method signature="MeeshoTest()[pri:0, instance:e_commers.Meesho@a1153bc]" started-at="2025-01-15T18:36:51 IST" name="MeeshoTest" finished-at="2025-01-15T18:36:55 IST" duration-ms="4373" status="PASS">
          <reporter-output>
            <line>
              <![CDATA[Opening meesho]]>
            </line>
          </reporter-output>
        </test-method> <!-- MeeshoTest -->
      </class> <!-- e_commers.Meesho -->
      <class name="e_commers.Flipcard">
        <test-method signature="FlipcardTest()[pri:0, instance:e_commers.Flipcard@73a1e9a9]" started-at="2025-01-15T18:36:59 IST" name="FlipcardTest" finished-at="2025-01-15T18:37:05 IST" duration-ms="5777" status="PASS">
          <reporter-output>
            <line>
              <![CDATA[Opening Flipcard]]>
            </line>
          </reporter-output>
        </test-method> <!-- FlipcardTest -->
      </class> <!-- e_commers.Flipcard -->
    </test> <!-- Test -->
  </suite> <!-- e_commerce_testng.xml -->
</testng-results>
