<?xml version="1.0" encoding="UTF-8"?>
<testng-results ignored="0" total="4" passed="4" failed="0" skipped="0">
  <reporter-output>
    <line>
      <![CDATA[Opening Meesho]]>
    </line>
    <line>
      <![CDATA[Opening Amazon]]>
    </line>
    <line>
      <![CDATA[Opening Flipcard]]>
    </line>
    <line>
      <![CDATA[Opening Myntra]]>
    </line>
  </reporter-output>
  <suite started-at="2024-01-06T15:26:51 IST" name="Suite" finished-at="2024-01-06T15:27:28 IST" duration-ms="36982">
    <groups>
    </groups>
    <test started-at="2024-01-06T15:26:51 IST" name="Test" finished-at="2024-01-06T15:27:28 IST" duration-ms="36982">
      <class name="e_commers.Amazon">
        <test-method signature="AmezonTest()[pri:0, instance:e_commers.Amazon@4135c3b]" started-at="2024-01-06T15:26:59 IST" name="AmezonTest" finished-at="2024-01-06T15:27:02 IST" duration-ms="3044" status="PASS">
          <reporter-output>
            <line>
              <![CDATA[Opening Amazon]]>
            </line>
          </reporter-output>
        </test-method> <!-- AmezonTest -->
      </class> <!-- e_commers.Amazon -->
      <class name="e_commers.Myntra">
        <test-method signature="Myntrap()[pri:0, instance:e_commers.Myntra@31304f14]" started-at="2024-01-06T15:27:10 IST" name="Myntrap" finished-at="2024-01-06T15:27:28 IST" duration-ms="18140" status="PASS">
          <reporter-output>
            <line>
              <![CDATA[Opening Myntra]]>
            </line>
          </reporter-output>
        </test-method> <!-- Myntrap -->
      </class> <!-- e_commers.Myntra -->
      <class name="e_commers.Meesho">
        <test-method signature="MeeshoTest()[pri:0, instance:e_commers.Meesho@55b699ef]" started-at="2024-01-06T15:26:51 IST" name="MeeshoTest" finished-at="2024-01-06T15:26:59 IST" duration-ms="7983" status="PASS">
          <reporter-output>
            <line>
              <![CDATA[Opening Meesho]]>
            </line>
          </reporter-output>
        </test-method> <!-- MeeshoTest -->
      </class> <!-- e_commers.Meesho -->
      <class name="e_commers.Flipcard">
        <test-method signature="FlipcardTest()[pri:0, instance:e_commers.Flipcard@6302bbb1]" started-at="2024-01-06T15:27:02 IST" name="FlipcardTest" finished-at="2024-01-06T15:27:10 IST" duration-ms="7734" status="PASS">
          <reporter-output>
            <line>
              <![CDATA[Opening Flipcard]]>
            </line>
          </reporter-output>
        </test-method> <!-- FlipcardTest -->
      </class> <!-- e_commers.Flipcard -->
    </test> <!-- Test -->
  </suite> <!-- Suite -->
</testng-results>
