<?xml version="1.0" encoding="UTF-8"?>
<!-- Generated by org.testng.reporters.JUnitXMLReporter -->
<testsuite ignored="0" hostname="LAPTOP-OLKS828O" failures="0" tests="4" name="Test" time="71.271" errors="0" timestamp="2024-04-04T18:58:20 IST">
  <testcase classname="e_commers.Meesho" name="MeeshoTest" time="11.749"/>
  <testcase classname="e_commers.Amazon" name="AmezonTest" time="16.017"/>
  <testcase classname="e_commers.Flipcard" name="FlipcardTest" time="16.873"/>
  <testcase classname="e_commers.Myntra" name="Myntrap" time="26.583"/>
</testsuite> <!-- Test -->
